#
# A fatal error has been detected by the Java Runtime Environment:
#
#  EXCEPTION_ACCESS_VIOLATION (0xc0000005) at pc=0x00000000650c8f45, pid=23428, tid=7196
#
# JRE version: Java(TM) SE Runtime Environment (8.0_91-b15) (build 1.8.0_91-b15)
# Java VM: Java HotSpot(TM) 64-Bit Server VM (25.91-b15 mixed mode windows-amd64 compressed oops)
# Problematic frame:
# V  [jvm.dll+0x128f45]
#
# Failed to write core dump. Minidumps are not enabled by default on client versions of Windows
#
# If you would like to submit a bug report, please visit:
#   http://bugreport.java.com/bugreport/crash.jsp
#

---------------  T H R E A D  ---------------

Current thread (0x0000000019f98800):  JavaThread "JDWP Transport Listener: dt_socket" daemon [_thread_in_vm, id=7196, stack(0x000000001b5e0000,0x000000001b6e0000)]

siginfo: ExceptionCode=0xc0000005, reading address 0xffffffffffffffff

Registers:
RAX=0x000000001b6df001, RBX=0x0000000019f98800, RCX=0x003b00003b6e6f69, RDX=0x0000000000000000
RSP=0x000000001b6df010, RBP=0x003b00003b6e6f69, RSI=0x000000001b6df128, RDI=0x0000000002b98ab0
R8 =0x0000000019f98800, R9 =0x0000000000008000, R10=0x000000001d626690, R11=0x000000001b6df364
R12=0x0000000000000000, R13=0x0000000019fa3a68, R14=0x0000000000000000, R15=0x0000000000000000
RIP=0x00000000650c8f45, EFLAGS=0x0000000000010206

Top of Stack: (sp=0x000000001b6df010)
0x000000001b6df010:   0000000019f98800 0000000019f98800
0x000000001b6df020:   000000001b6df0d8 00000000652cf32b
0x000000001b6df030:   0000000019f98800 00000000652ebb8d
0x000000001b6df040:   0000000000000000 0000000067229155
0x000000001b6df050:   000000001c1a7b78 000000006723291e
0x000000001b6df060:   0000000019f98800 0000000000000000
0x000000001b6df070:   0000000000000000 0000000000000000
0x000000001b6df080:   003b00003b6e6f69 0000000067231a15
0x000000001b6df090:   000000001b6df128 000000001b6df100
0x000000001b6df0a0:   0000000000000001 000000001c1a7b78
0x000000001b6df0b0:   003b00003b6e6f69 00000000672153b3
0x000000001b6df0c0:   000000001b6df1f0 0000000000000001
0x000000001b6df0d0:   0000000000000001 000000001c1a7b78
0x000000001b6df0e0:   000000000000000a 0000000000000000
0x000000001b6df0f0:   0000000000000000 0000000000000000
0x000000001b6df100:   0000000000000001 0000000067215571 

Instructions: (pc=0x00000000650c8f45)
0x00000000650c8f25:   cc cc cc cc cc cc cc cc cc cc cc 48 83 ec 28 48
0x00000000650c8f35:   85 c9 75 07 33 c0 48 83 c4 28 c3 48 89 5c 24 20
0x00000000650c8f45:   48 8b 19 48 85 db 74 20 48 83 fb 37 74 1a 48 8b
0x00000000650c8f55:   13 48 8b cb ff 52 10 84 c0 74 0d 48 8b c3 48 8b 


Register to memory mapping:

RAX=0x000000001b6df001 is pointing into the stack for thread: 0x0000000019f98800
RBX=0x0000000019f98800 is a thread
RCX=0x003b00003b6e6f69 is an unknown value
RDX=0x0000000000000000 is an unknown value
RSP=0x000000001b6df010 is pointing into the stack for thread: 0x0000000019f98800
RBP=0x003b00003b6e6f69 is an unknown value
RSI=0x000000001b6df128 is pointing into the stack for thread: 0x0000000019f98800
RDI=0x0000000002b98ab0 is an unknown value
R8 =0x0000000019f98800 is a thread
R9 =0x0000000000008000 is an unknown value
R10=0x000000001d626690 is an unknown value
R11=0x000000001b6df364 is pointing into the stack for thread: 0x0000000019f98800
R12=0x0000000000000000 is an unknown value
R13=0x0000000019fa3a68 is an unknown value
R14=0x0000000000000000 is an unknown value
R15=0x0000000000000000 is an unknown value


Stack: [0x000000001b5e0000,0x000000001b6e0000],  sp=0x000000001b6df010,  free space=1020k
Native frames: (J=compiled Java code, j=interpreted, Vv=VM code, C=native code)
V  [jvm.dll+0x128f45]
V  [jvm.dll+0x34bb8d]
C  [jdwp.dll+0x21a15]
C  [jdwp.dll+0x53b3]
C  [jdwp.dll+0x5571]
C  [jdwp.dll+0xf0a8]
C  [jdwp.dll+0x1f2d5]
C  [jdwp.dll+0x1f4aa]
V  [jvm.dll+0x1bbf38]
V  [jvm.dll+0x243ae4]
V  [jvm.dll+0x29a99a]
C  [msvcr100.dll+0x21d9f]
C  [msvcr100.dll+0x21e3b]
C  [KERNEL32.DLL+0x12774]
C  [ntdll.dll+0x70d51]


---------------  P R O C E S S  ---------------

Java Threads: ( => current thread )
  0x000000001cdb6800 JavaThread "java-sdk-http-connection-reaper" daemon [_thread_blocked, id=25620, stack(0x000000001e450000,0x000000001e550000)]
  0x000000001bfb3000 JavaThread "Service Thread" daemon [_thread_blocked, id=22036, stack(0x000000001c350000,0x000000001c450000)]
  0x0000000019fbd000 JavaThread "C1 CompilerThread2" daemon [_thread_blocked, id=7580, stack(0x000000001be50000,0x000000001bf50000)]
  0x0000000019fbb800 JavaThread "C2 CompilerThread1" daemon [_thread_blocked, id=10440, stack(0x000000001bd50000,0x000000001be50000)]
  0x0000000019fb5800 JavaThread "C2 CompilerThread0" daemon [_thread_blocked, id=24068, stack(0x000000001bc50000,0x000000001bd50000)]
  0x0000000019fa9800 JavaThread "JDWP Command Reader" daemon [_thread_in_native, id=13748, stack(0x000000001bb50000,0x000000001bc50000)]
  0x0000000019fa6000 JavaThread "JDWP Event Helper Thread" daemon [_thread_blocked, id=19316, stack(0x000000001ba50000,0x000000001bb50000)]
=>0x0000000019f98800 JavaThread "JDWP Transport Listener: dt_socket" daemon [_thread_in_vm, id=7196, stack(0x000000001b5e0000,0x000000001b6e0000)]
  0x0000000019f8f000 JavaThread "Attach Listener" daemon [_thread_blocked, id=24508, stack(0x000000001b4e0000,0x000000001b5e0000)]
  0x0000000019f8d800 JavaThread "Signal Dispatcher" daemon [_thread_blocked, id=11000, stack(0x000000001b3e0000,0x000000001b4e0000)]
  0x0000000019f7a800 JavaThread "Finalizer" daemon [_thread_blocked, id=24064, stack(0x000000001b1f0000,0x000000001b2f0000)]
  0x0000000002f31000 JavaThread "Reference Handler" daemon [_thread_blocked, id=23492, stack(0x000000001b0f0000,0x000000001b1f0000)]
  0x0000000002e43800 JavaThread "main" [_thread_blocked, id=23588, stack(0x0000000002d40000,0x0000000002e40000)]

Other Threads:
  0x0000000019f57800 VMThread [stack: 0x000000001aff0000,0x000000001b0f0000] [id=22104]
  0x000000001bfbb800 WatcherThread [stack: 0x000000001c450000,0x000000001c550000] [id=17808]

VM state:not at safepoint (normal execution)

VM Mutex/Monitor currently owned by a thread: None

Heap:
 PSYoungGen      total 56832K, used 21194K [0x0000000780b00000, 0x0000000784a00000, 0x00000007c0000000)
  eden space 49152K, 27% used [0x0000000780b00000,0x000000078183a320,0x0000000783b00000)
  from space 7680K, 99% used [0x0000000783b00000,0x0000000784278828,0x0000000784280000)
  to   space 7680K, 0% used [0x0000000784280000,0x0000000784280000,0x0000000784a00000)
 ParOldGen       total 130048K, used 3128K [0x0000000702000000, 0x0000000709f00000, 0x0000000780b00000)
  object space 130048K, 2% used [0x0000000702000000,0x000000070230e3a0,0x0000000709f00000)
 Metaspace       used 18437K, capacity 18646K, committed 18944K, reserved 1067008K
  class space    used 2180K, capacity 2265K, committed 2304K, reserved 1048576K

Card table byte_map: [0x0000000012300000,0x0000000012900000] byte_map_base: 0x000000000eaf0000

Marking Bits: (ParMarkBitMap*) 0x00000000657b2f70
 Begin Bits: [0x0000000013100000, 0x0000000016080000)
 End Bits:   [0x0000000016080000, 0x0000000019000000)

Polling page: 0x0000000002b60000

CodeCache: size=245760Kb used=5222Kb max_used=5232Kb free=240537Kb
 bounds [0x0000000002f40000, 0x0000000003460000, 0x0000000011f40000]
 total_blobs=1871 nmethods=1442 adapters=349
 compilation: enabled

Compilation events (10 events):
Event: 10.498 Thread 0x0000000019fbd000 1443       1       org.joda.time.field.BaseDurationField::isSupported (2 bytes)
Event: 10.498 Thread 0x0000000019fbd000 nmethod 1443 0x00000000034596d0 code [0x0000000003459820, 0x0000000003459930]
Event: 10.498 Thread 0x0000000019fbd000 1444       1       org.joda.time.field.BaseDurationField::getType (5 bytes)
Event: 10.498 Thread 0x0000000019fbd000 nmethod 1444 0x0000000003459410 code [0x0000000003459560, 0x0000000003459670]
Event: 10.517 Thread 0x0000000019fbb800 1445       4       java.nio.DirectLongBufferU::get (16 bytes)
Event: 10.519 Thread 0x0000000019fbb800 nmethod 1445 0x0000000003458d50 code [0x0000000003458e80, 0x0000000003458f18]
Event: 10.520 Thread 0x0000000019fbd000 1446       1       org.joda.time.MutableDateTime$Property::getField (5 bytes)
Event: 10.521 Thread 0x0000000019fbd000 nmethod 1446 0x0000000003458a90 code [0x0000000003458be0, 0x0000000003458cf0]
Event: 10.523 Thread 0x0000000019fbd000 1447       1       java.util.logging.LogManager::access$1400 (5 bytes)
Event: 10.523 Thread 0x0000000019fbd000 nmethod 1447 0x00000000034587d0 code [0x0000000003458920, 0x0000000003458a10]

GC Heap History (2 events):
Event: 5.780 GC heap before
{Heap before GC invocations=1 (full 0):
 PSYoungGen      total 56832K, used 49152K [0x0000000780b00000, 0x0000000784a00000, 0x00000007c0000000)
  eden space 49152K, 100% used [0x0000000780b00000,0x0000000783b00000,0x0000000783b00000)
  from space 7680K, 0% used [0x0000000784280000,0x0000000784280000,0x0000000784a00000)
  to   space 7680K, 0% used [0x0000000783b00000,0x0000000783b00000,0x0000000784280000)
 ParOldGen       total 130048K, used 0K [0x0000000702000000, 0x0000000709f00000, 0x0000000780b00000)
  object space 130048K, 0% used [0x0000000702000000,0x0000000702000000,0x0000000709f00000)
 Metaspace       used 15971K, capacity 16254K, committed 16384K, reserved 1062912K
  class space    used 1908K, capacity 2005K, committed 2048K, reserved 1048576K
Event: 5.795 GC heap after
Heap after GC invocations=1 (full 0):
 PSYoungGen      total 56832K, used 7650K [0x0000000780b00000, 0x0000000784a00000, 0x00000007c0000000)
  eden space 49152K, 0% used [0x0000000780b00000,0x0000000780b00000,0x0000000783b00000)
  from space 7680K, 99% used [0x0000000783b00000,0x0000000784278828,0x0000000784280000)
  to   space 7680K, 0% used [0x0000000784280000,0x0000000784280000,0x0000000784a00000)
 ParOldGen       total 130048K, used 3128K [0x0000000702000000, 0x0000000709f00000, 0x0000000780b00000)
  object space 130048K, 2% used [0x0000000702000000,0x000000070230e3a0,0x0000000709f00000)
 Metaspace       used 15971K, capacity 16254K, committed 16384K, reserved 1062912K
  class space    used 1908K, capacity 2005K, committed 2048K, reserved 1048576K
}

Deoptimization events (10 events):
Event: 5.362 Thread 0x0000000002e43800 Uncommon trap: reason=bimorphic action=maybe_recompile pc=0x0000000003244b94 method=java.util.HashMap.putVal(ILjava/lang/Object;Ljava/lang/Object;ZZ)Ljava/lang/Object; @ 203
Event: 5.362 Thread 0x0000000002e43800 Uncommon trap: reason=bimorphic action=maybe_recompile pc=0x0000000003244b94 method=java.util.HashMap.putVal(ILjava/lang/Object;Ljava/lang/Object;ZZ)Ljava/lang/Object; @ 203
Event: 5.365 Thread 0x0000000002e43800 Uncommon trap: reason=bimorphic action=maybe_recompile pc=0x0000000003244b94 method=java.util.HashMap.putVal(ILjava/lang/Object;Ljava/lang/Object;ZZ)Ljava/lang/Object; @ 203
Event: 5.437 Thread 0x0000000002e43800 Uncommon trap: reason=unstable_if action=reinterpret pc=0x0000000003274b20 method=java.lang.CharacterDataLatin1.digit(II)I @ 82
Event: 5.753 Thread 0x0000000002e43800 Uncommon trap: reason=unstable_if action=reinterpret pc=0x000000000336b188 method=java.util.concurrent.ConcurrentHashMap.putVal(Ljava/lang/Object;Ljava/lang/Object;Z)Ljava/lang/Object; @ 206
Event: 5.766 Thread 0x0000000002e43800 Uncommon trap: reason=unstable_if action=reinterpret pc=0x000000000324c4dc method=java.lang.String$CaseInsensitiveComparator.compare(Ljava/lang/String;Ljava/lang/String;)I @ 70
Event: 5.812 Thread 0x0000000002e43800 Uncommon trap: reason=unstable_if action=reinterpret pc=0x0000000003369e3c method=java.lang.String.regionMatches(ZILjava/lang/String;II)Z @ 123
Event: 5.814 Thread 0x0000000002e43800 Uncommon trap: reason=unstable_if action=reinterpret pc=0x00000000032eb1c8 method=java.io.ByteArrayInputStream.read()I @ 8
Event: 5.881 Thread 0x0000000002e43800 Uncommon trap: reason=unstable_if action=reinterpret pc=0x00000000033617f4 method=java.util.concurrent.ConcurrentHashMap.addCount(JI)V @ 121
Event: 5.939 Thread 0x0000000002e43800 Uncommon trap: reason=unstable_if action=reinterpret pc=0x000000000327406c method=java.lang.CharacterDataLatin1.digit(II)I @ 82

Internal exceptions (10 events):
Event: 5.123 Thread 0x0000000002e43800 Exception <a 'java/lang/ArrayIndexOutOfBoundsException': 24> (0x0000000782421e48) thrown at [C:\re\workspace\8-2-build-windows-amd64-cygwin\jdk8u91\7017\hotspot\src\share\vm\interpreter\interpreterRuntime.cpp, line 366]
Event: 5.123 Thread 0x0000000002e43800 Exception <a 'java/lang/ArrayIndexOutOfBoundsException': 6> (0x0000000782423ca0) thrown at [C:\re\workspace\8-2-build-windows-amd64-cygwin\jdk8u91\7017\hotspot\src\share\vm\interpreter\interpreterRuntime.cpp, line 366]
Event: 5.231 Thread 0x0000000002e43800 Exception <a 'java/lang/ArrayIndexOutOfBoundsException': 71> (0x00000007827ee9b8) thrown at [C:\re\workspace\8-2-build-windows-amd64-cygwin\jdk8u91\7017\hotspot\src\share\vm\interpreter\interpreterRuntime.cpp, line 366]
Event: 5.232 Thread 0x0000000002e43800 Exception <a 'java/lang/ArrayIndexOutOfBoundsException': 71> (0x00000007827f0250) thrown at [C:\re\workspace\8-2-build-windows-amd64-cygwin\jdk8u91\7017\hotspot\src\share\vm\interpreter\interpreterRuntime.cpp, line 366]
Event: 5.240 Thread 0x0000000002e43800 Exception <a 'java/lang/ArrayIndexOutOfBoundsException': 38> (0x0000000782816430) thrown at [C:\re\workspace\8-2-build-windows-amd64-cygwin\jdk8u91\7017\hotspot\src\share\vm\interpreter\interpreterRuntime.cpp, line 366]
Event: 5.241 Thread 0x0000000002e43800 Exception <a 'java/lang/ArrayIndexOutOfBoundsException': 55> (0x0000000782817eb0) thrown at [C:\re\workspace\8-2-build-windows-amd64-cygwin\jdk8u91\7017\hotspot\src\share\vm\interpreter\interpreterRuntime.cpp, line 366]
Event: 5.250 Thread 0x0000000002e43800 Exception <a 'java/lang/ArrayIndexOutOfBoundsException': 38> (0x000000078283ddc0) thrown at [C:\re\workspace\8-2-build-windows-amd64-cygwin\jdk8u91\7017\hotspot\src\share\vm\interpreter\interpreterRuntime.cpp, line 366]
Event: 5.256 Thread 0x0000000002e43800 Exception <a 'java/lang/ArrayIndexOutOfBoundsException': 49> (0x000000078284c9e0) thrown at [C:\re\workspace\8-2-build-windows-amd64-cygwin\jdk8u91\7017\hotspot\src\share\vm\interpreter\interpreterRuntime.cpp, line 366]
Event: 5.413 Thread 0x0000000002e43800 Exception <a 'java/lang/NoSuchFieldError': method resolution failed> (0x0000000782c7d310) thrown at [C:\re\workspace\8-2-build-windows-amd64-cygwin\jdk8u91\7017\hotspot\src\share\vm\prims\methodHandles.cpp, line 1146]
Event: 5.420 Thread 0x0000000002e43800 Exception <a 'java/lang/NoSuchFieldError': method resolution failed> (0x0000000782c8a990) thrown at [C:\re\workspace\8-2-build-windows-amd64-cygwin\jdk8u91\7017\hotspot\src\share\vm\prims\methodHandles.cpp, line 1146]

Events (10 events):
Event: 314.790 Executing VM operation: GetCurrentLocation
Event: 314.790 Executing VM operation: GetCurrentLocation done
Event: 314.790 Executing VM operation: EnterInterpOnlyMode
Event: 314.790 Executing VM operation: EnterInterpOnlyMode done
Event: 314.790 Executing VM operation: ChangeSingleStep
Event: 314.790 Executing VM operation: ChangeSingleStep done
Event: 314.790 Executing VM operation: ChangeSingleStep
Event: 314.790 Executing VM operation: ChangeSingleStep done
Event: 314.796 Executing VM operation: RedefineClasses
Event: 314.804 Executing VM operation: RedefineClasses done


Dynamic libraries:
0x00007ff7b69a0000 - 0x00007ff7b69d7000 	C:\Program Files\Java\jdk1.8.0_91\bin\javaw.exe
0x00007ff90d8d0000 - 0x00007ff90daab000 	C:\WINDOWS\SYSTEM32\ntdll.dll
0x00007ff90d820000 - 0x00007ff90d8ce000 	C:\WINDOWS\System32\KERNEL32.DLL
0x00007ff90a020000 - 0x00007ff90a269000 	C:\WINDOWS\System32\KERNELBASE.dll
0x00007ff90b680000 - 0x00007ff90b721000 	C:\WINDOWS\System32\ADVAPI32.dll
0x00007ff90b5e0000 - 0x00007ff90b67d000 	C:\WINDOWS\System32\msvcrt.dll
0x00007ff90af80000 - 0x00007ff90afd9000 	C:\WINDOWS\System32\sechost.dll
0x00007ff90b8b0000 - 0x00007ff90b9d5000 	C:\WINDOWS\System32\RPCRT4.dll
0x00007ff90ae30000 - 0x00007ff90af7a000 	C:\WINDOWS\System32\USER32.dll
0x00007ff909f00000 - 0x00007ff909f1e000 	C:\WINDOWS\System32\win32u.dll
0x00007ff90b3b0000 - 0x00007ff90b3d7000 	C:\WINDOWS\System32\GDI32.dll
0x00007ff90ac30000 - 0x00007ff90adb8000 	C:\WINDOWS\System32\gdi32full.dll
0x00007ff90a2c0000 - 0x00007ff90a35a000 	C:\WINDOWS\System32\msvcp_win.dll
0x00007ff909f20000 - 0x00007ff90a016000 	C:\WINDOWS\System32\ucrtbase.dll
0x00007ff8fb5c0000 - 0x00007ff8fb827000 	C:\WINDOWS\WinSxS\amd64_microsoft.windows.common-controls_6595b64144ccf1df_6.0.15063.483_none_26002d27e7c744a2\COMCTL32.dll
0x00007ff90b090000 - 0x00007ff90b389000 	C:\WINDOWS\System32\combase.dll
0x00007ff90adc0000 - 0x00007ff90ae2a000 	C:\WINDOWS\System32\bcryptPrimitives.dll
0x00007ff90c150000 - 0x00007ff90c17d000 	C:\WINDOWS\System32\IMM32.DLL
0x0000000065b70000 - 0x0000000065c42000 	C:\Program Files\Java\jdk1.8.0_91\jre\bin\msvcr100.dll
0x0000000064fa0000 - 0x0000000065833000 	C:\Program Files\Java\jdk1.8.0_91\jre\bin\server\jvm.dll
0x00007ff90b840000 - 0x00007ff90b848000 	C:\WINDOWS\System32\PSAPI.DLL
0x00007ff8f9df0000 - 0x00007ff8f9df9000 	C:\WINDOWS\SYSTEM32\WSOCK32.dll
0x00007ff906cc0000 - 0x00007ff906ce3000 	C:\WINDOWS\SYSTEM32\WINMM.dll
0x00007ff90c180000 - 0x00007ff90c1ec000 	C:\WINDOWS\System32\WS2_32.dll
0x00007ff8fee20000 - 0x00007ff8fee2a000 	C:\WINDOWS\SYSTEM32\VERSION.dll
0x00007ff906c60000 - 0x00007ff906c8b000 	C:\WINDOWS\SYSTEM32\WINMMBASE.dll
0x00007ff90a270000 - 0x00007ff90a2b9000 	C:\WINDOWS\System32\cfgmgr32.dll
0x000000006ab70000 - 0x000000006ab7f000 	C:\Program Files\Java\jdk1.8.0_91\jre\bin\verify.dll
0x00000000679c0000 - 0x00000000679e9000 	C:\Program Files\Java\jdk1.8.0_91\jre\bin\java.dll
0x0000000067210000 - 0x0000000067245000 	C:\Program Files\Java\jdk1.8.0_91\jre\bin\jdwp.dll
0x0000000067790000 - 0x0000000067798000 	C:\Program Files\Java\jdk1.8.0_91\jre\bin\npt.dll
0x00000000679a0000 - 0x00000000679b6000 	C:\Program Files\Java\jdk1.8.0_91\jre\bin\zip.dll
0x00007ff90c3e0000 - 0x00007ff90d817000 	C:\WINDOWS\System32\SHELL32.dll
0x00007ff90c1f0000 - 0x00007ff90c29a000 	C:\WINDOWS\System32\shcore.dll
0x00007ff90a530000 - 0x00007ff90ac23000 	C:\WINDOWS\System32\windows.storage.dll
0x00007ff90b580000 - 0x00007ff90b5d1000 	C:\WINDOWS\System32\shlwapi.dll
0x00007ff909d60000 - 0x00007ff909d71000 	C:\WINDOWS\System32\kernel.appcore.dll
0x00007ff909da0000 - 0x00007ff909dec000 	C:\WINDOWS\System32\powrprof.dll
0x00007ff909d40000 - 0x00007ff909d55000 	C:\WINDOWS\System32\profapi.dll
0x0000000067200000 - 0x0000000067209000 	C:\Program Files\Java\jdk1.8.0_91\jre\bin\dt_socket.dll
0x00007ff8f0eb0000 - 0x00007ff8f0ec6000 	C:\WINDOWS\system32\napinsp.dll
0x00007ff8eef00000 - 0x00007ff8eef1a000 	C:\WINDOWS\system32\pnrpnsp.dll
0x00007ff9068a0000 - 0x00007ff9068b8000 	C:\WINDOWS\system32\NLAapi.dll
0x00007ff9095f0000 - 0x00007ff90964c000 	C:\WINDOWS\System32\mswsock.dll
0x00007ff9093d0000 - 0x00007ff909474000 	C:\WINDOWS\SYSTEM32\DNSAPI.dll
0x00007ff90bb30000 - 0x00007ff90bb38000 	C:\WINDOWS\System32\NSI.dll
0x00007ff909390000 - 0x00007ff9093c7000 	C:\WINDOWS\SYSTEM32\IPHLPAPI.DLL
0x00007ff8f0e10000 - 0x00007ff8f0e1e000 	C:\WINDOWS\System32\winrnr.dll
0x00007ff8ef460000 - 0x00007ff8ef475000 	C:\WINDOWS\System32\wshbth.dll
0x0000000069f60000 - 0x0000000069f86000 	C:\Program Files\Bonjour\mdnsNSP.dll
0x00007ff903f20000 - 0x00007ff903f8b000 	C:\WINDOWS\System32\fwpuclnt.dll
0x00007ff909c80000 - 0x00007ff909ca5000 	C:\WINDOWS\SYSTEM32\bcrypt.dll
0x00007ff8f5140000 - 0x00007ff8f514a000 	C:\Windows\System32\rasadhlp.dll
0x00007ff9097a0000 - 0x00007ff9097b7000 	C:\WINDOWS\SYSTEM32\CRYPTSP.dll
0x00007ff908ee0000 - 0x00007ff908f14000 	C:\WINDOWS\system32\rsaenh.dll
0x00007ff909c10000 - 0x00007ff909c39000 	C:\WINDOWS\SYSTEM32\USERENV.dll
0x00007ff909790000 - 0x00007ff90979b000 	C:\WINDOWS\SYSTEM32\CRYPTBASE.dll
0x0000000067980000 - 0x000000006799a000 	C:\Program Files\Java\jdk1.8.0_91\jre\bin\net.dll
0x00007ff9038b0000 - 0x00007ff9038c6000 	C:\WINDOWS\SYSTEM32\dhcpcsvc6.DLL
0x00007ff903890000 - 0x00007ff9038aa000 	C:\WINDOWS\SYSTEM32\dhcpcsvc.DLL
0x0000000067960000 - 0x0000000067971000 	C:\Program Files\Java\jdk1.8.0_91\jre\bin\nio.dll
0x0000000068880000 - 0x000000006888d000 	C:\Program Files\Java\jdk1.8.0_91\jre\bin\management.dll
0x0000000067820000 - 0x0000000067844000 	C:\Program Files\Java\jdk1.8.0_91\jre\bin\sunec.dll
0x00007ff8f67a0000 - 0x00007ff8f6949000 	C:\WINDOWS\SYSTEM32\dbghelp.dll

VM Arguments:
jvm_args: -agentlib:jdwp=transport=dt_socket,suspend=y,address=localhost:49644 -Dfile.encoding=UTF-8 
java_command: com.amazonaws.demo.sns.mail.AmazonSESComposeAndSendRAWMIMEEmail2
java_class_path (initial): C:\workspaces\AWS_POC\aws-sns\target\classes;C:\Users\PiyushMittal\.m2\repository\com\amazonaws\aws-lambda-java-events\1.3.0\aws-lambda-java-events-1.3.0.jar;C:\Users\PiyushMittal\.m2\repository\com\amazonaws\aws-java-sdk-cognitoidentity\1.11.0\aws-java-sdk-cognitoidentity-1.11.0.jar;C:\Users\PiyushMittal\.m2\repository\com\amazonaws\aws-java-sdk-kinesis\1.11.0\aws-java-sdk-kinesis-1.11.0.jar;C:\Users\PiyushMittal\.m2\repository\com\amazonaws\aws-java-sdk-dynamodb\1.11.0\aws-java-sdk-dynamodb-1.11.0.jar;C:\Users\PiyushMittal\.m2\repository\com\amazonaws\aws-java-sdk-s3\1.11.184\aws-java-sdk-s3-1.11.184.jar;C:\Users\PiyushMittal\.m2\repository\com\amazonaws\aws-java-sdk-kms\1.11.184\aws-java-sdk-kms-1.11.184.jar;C:\Users\PiyushMittal\.m2\repository\com\amazonaws\aws-java-sdk-core\1.11.184\aws-java-sdk-core-1.11.184.jar;C:\Users\PiyushMittal\.m2\repository\commons-logging\commons-logging\1.1.3\commons-logging-1.1.3.jar;C:\Users\PiyushMittal\.m2\repository\org\apache\httpcomponents\httpclient\4.5.2\httpclient-4.5.2.jar;C:\Users\PiyushMittal\.m2\repository\org\apache\httpcomponents\httpcore\4.4.4\httpcore-4.4.4.jar;C:\Users\PiyushMittal\.m2\repository\commons-codec\commons-codec\1.9\commons-codec-1.9.jar;C:\Users\PiyushMittal\.m2\repository\software\amazon\ion\ion-java\1.0.2\ion-java-1.0.2.jar;C:\Users\PiyushMittal\.m2\repository\com\fasterxml\jackson\core\jackson-databind\2.6.7.1\jackson-databind-2.6.7.1.jar;C:\Users\PiyushMittal\.m2\repository\com\fasterxml\jackson\core\jackson-annotations\2.6.0\jackson-annotations-2.6.0.jar;C:\Users\PiyushMittal\.m2\repository\com\fasterxml\jackson\core\jackson-core\2.6.7\jackson-core-2.6.7.jar;C:\Users\PiyushMittal\.m2\repository\com\fasterxml\jackson\dataformat\jackson-dataformat-cbor\2.6.7\jackson-dataformat-cbor-2.6.7.jar;C:\Users\PiyushMittal\.m2\repository\joda-time\joda-time\2.8.1\joda-time-2.8.1.jar;C:\Users\PiyushMittal\.m2\repository\com\amazonaws\jmespath-java\1.11.184\jmespath-java-1.11.184.ja
Launcher Type: SUN_STANDARD

Environment Variables:
JAVA_HOME=C:\PROGRA~1\Java\jdk1.8.0_91
PATH=C:/Program Files/Java/jdk1.8.0_91/jre/bin/server;C:/Program Files/Java/jdk1.8.0_91/jre/bin;C:/Program Files/Java/jdk1.8.0_91/jre/lib/amd64;C:\Program Files (x86)\Intel\iCLS Client\;C:\Program Files\Intel\iCLS Client\;C:\WINDOWS\system32;C:\WINDOWS;C:\WINDOWS\System32\Wbem;C:\WINDOWS\System32\WindowsPowerShell\v1.0\;C:\Program Files (x86)\Intel\Intel(R) Management Engine Components\DAL;C:\Program Files\Intel\Intel(R) Management Engine Components\DAL;C:\Program Files (x86)\Intel\Intel(R) Management Engine Components\IPT;C:\Program Files\Intel\Intel(R) Management Engine Components\IPT;C:\Program Files\Redis\;C:\Program Files\Intel\WiFi\bin\;C:\Program Files\Common Files\Intel\WirelessCommon\;C:\Program Files\MySQL\MySQL Utilities 1.6\;C:\Program Files\Symantec.cloud\PlatformAgent\;C:\zookeeper-3.4.10\bin;%JAVA_HOME%\bin;C:\Program Files\Amazon\AWSCLI\;C:\Program Files\RabbitMQ Server\rabbitmq_server-3.6.6\sbin;C:\Program Files\Java\jdk1.8.0_91\jre\bin;C:\apache-maven-3.3.9\bin;C:\Program Files\MongoDB\Server\3.2\bin;%USERPROFILE%\AppData\Local\Microsoft\WindowsApps;;C:\WINDOWS\system32;
USERNAME=PiyushMittal
OS=Windows_NT
PROCESSOR_IDENTIFIER=Intel64 Family 6 Model 78 Stepping 3, GenuineIntel



---------------  S Y S T E M  ---------------

OS: Windows 10.0 , 64 bit Build 15063 (10.0.15063.296)

CPU:total 4 (2 cores per cpu, 2 threads per core) family 6 model 78 stepping 3, cmov, cx8, fxsr, mmx, sse, sse2, sse3, ssse3, sse4.1, sse4.2, popcnt, avx, avx2, aes, clmul, erms, 3dnowpref, lzcnt, ht, tsc, tscinvbit, bmi1, bmi2, adx

Memory: 4k page, physical 12444324k(3393204k free), swap 24888648k(6565476k free)

vm_info: Java HotSpot(TM) 64-Bit Server VM (25.91-b15) for windows-amd64 JRE (1.8.0_91-b15), built on May 20 2016 17:43:15 by "java_re" with MS VC++ 10.0 (VS2010)

time: Wed Sep 13 17:44:22 2017
elapsed time: 315 seconds (0d 0h 5m 15s)

